=== НАЧАЛО ПРОЦЕДУРЫ НОРМАЛИЗАЦИИ АРТИКУЛОВ ===
Время начала: 2025-09-19 18:47:10
Поиск конкурента с ID 142...
[32;1mНайден конкурент: Komus (ID: 142)[0m
Подсчет товаров для нормализации...
Товаров с пробелами в артикулах для нормализации: 21965
Начинаем обработку батчами по 5000 записей...
Прогресс: 1000/21965 (4.6%) | Обновлено: 1000 | Прошло: 0.4 сек | Осталось: 8.0 сек
Прогресс: 2000/21965 (9.1%) | Обновлено: 2000 | Прошло: 0.4 сек | Осталось: 4.1 сек
Прогресс: 3000/21965 (13.7%) | Обновлено: 3000 | Прошло: 0.4 сек | Осталось: 2.8 сек
Прогресс: 4000/21965 (18.2%) | Обновлено: 4000 | Прошло: 0.5 сек | Осталось: 2.1 сек
Прогресс: 5000/21965 (22.8%) | Обновлено: 5000 | Прошло: 0.5 сек | Осталось: 1.7 сек
Батч обновлен: 5000 записей
Прогресс: 6000/21965 (27.3%) | Обновлено: 6000 | Прошло: 1.8 сек | Осталось: 4.7 сек
Прогресс: 7000/21965 (31.9%) | Обновлено: 7000 | Прошло: 1.8 сек | Осталось: 3.8 сек
Прогресс: 8000/21965 (36.4%) | Обновлено: 8000 | Прошло: 1.8 сек | Осталось: 3.2 сек
Прогресс: 9000/21965 (41.0%) | Обновлено: 9000 | Прошло: 1.9 сек | Осталось: 2.7 сек
Прогресс: 10000/21965 (45.5%) | Обновлено: 10000 | Прошло: 1.9 сек | Осталось: 2.3 сек
Батч обновлен: 5000 записей
Прогресс: 11000/21965 (50.1%) | Обновлено: 11000 | Прошло: 3.2 сек | Осталось: 3.2 сек
Прогресс: 12000/21965 (54.6%) | Обновлено: 12000 | Прошло: 3.2 сек | Осталось: 2.7 сек
Прогресс: 13000/21965 (59.2%) | Обновлено: 13000 | Прошло: 3.2 сек | Осталось: 2.2 сек
Прогресс: 14000/21965 (63.7%) | Обновлено: 14000 | Прошло: 3.3 сек | Осталось: 1.9 сек
Прогресс: 15000/21965 (68.3%) | Обновлено: 15000 | Прошло: 3.3 сек | Осталось: 1.5 сек
Батч обновлен: 5000 записей
Прогресс: 16000/21965 (72.8%) | Обновлено: 16000 | Прошло: 4.6 сек | Осталось: 1.7 сек
Прогресс: 17000/21965 (77.4%) | Обновлено: 17000 | Прошло: 4.6 сек | Осталось: 1.4 сек
Прогресс: 18000/21965 (81.9%) | Обновлено: 18000 | Прошло: 4.7 сек | Осталось: 1.0 сек
Прогресс: 19000/21965 (86.5%) | Обновлено: 19000 | Прошло: 4.7 сек | Осталось: 0.7 сек
Прогресс: 20000/21965 (91.1%) | Обновлено: 20000 | Прошло: 4.7 сек | Осталось: 0.5 сек
Батч обновлен: 5000 записей
Прогресс: 21000/21965 (95.6%) | Обновлено: 21000 | Прошло: 6.0 сек | Осталось: 0.3 сек
Прогресс: 21965/21965 (100.0%) | Обновлено: 21965 | Прошло: 6.1 сек | Осталось: 0.0 сек
Финальный батч обновлен: 1965 записей
=== ИТОГИ НОРМАЛИЗАЦИИ ===
Всего обработано товаров: 21965
Товаров с измененными артикулами: 21965
Товаров без изменений: 0
Процент изменений: 100.0%
Общее время выполнения: 6.62 секунд
Скорость обработки: 3317.3 записей/сек
Время окончания: 2025-09-19 18:47:17
[32;1m=== ПРОЦЕДУРА НОРМАЛИЗАЦИИ ЗАВЕРШЕНА ===[0m
