Найдено ID сохраненных товаров в отчете: 20777

--- РЕЗУЛЬТАТЫ ПРОВЕРКИ ---
Всего должно быть сохранено: 20777
Найдено в базе: 20777
Отсутствует в базе: 0

--- ИНФОРМАЦИЯ О НАЙДЕННЫХ ТОВАРАХ ---
Успешно сохранено товаров: 20777

Примеры сохраненных товаров:
  1. ID: 10322696, Артикул: '1149413'
  2. ID: 10322697, Артикул: '128853'
  3. ID: 10322698, Артикул: '2228987'
  4. ID: 10322699, Артикул: '1826781'
  5. ID: 10322700, Артикул: '398526'

--- СТАТИСТИКА ---
Сохранено товаров: 20777/20777 (100.0%)
[32;1m
✅ Все сохраненные товары на месте![0m

--- ДОПОЛНИТЕЛЬНАЯ ИНФОРМАЦИЯ ---
Время проверки: 2025-09-19 19:57:38
Проверено товаров: 20777

Полный отчет сохранен в: check_report_20250919_195736.log
